F:\PROJECTS\C++\OOP\PROJECT CODE\PROJECT CODE\DEBUG\PROJECT CODE.OBJ
F:\PROJECTS\C++\OOP\PROJECT CODE\PROJECT CODE\DEBUG\VC110.PDB
F:\PROJECTS\C++\OOP\PROJECT CODE\DEBUG\PROJECT CODE.ILK
F:\PROJECTS\C++\OOP\PROJECT CODE\DEBUG\PROJECT CODE.EXE
F:\PROJECTS\C++\OOP\PROJECT CODE\DEBUG\PROJECT CODE.PDB
F:\Projects\c++\oop\Project code\Project code\Debug\Project code.obj
F:\Projects\c++\oop\Project code\Project code\Debug\cl.command.1.tlog
F:\Projects\c++\oop\Project code\Project code\Debug\CL.read.1.tlog
F:\Projects\c++\oop\Project code\Project code\Debug\CL.write.1.tlog
F:\Projects\c++\oop\Project code\Project code\Debug\link-cvtres.read.1.tlog
F:\Projects\c++\oop\Project code\Project code\Debug\link-cvtres.write.1.tlog
F:\Projects\c++\oop\Project code\Project code\Debug\link-rc.read.1.tlog
F:\Projects\c++\oop\Project code\Project code\Debug\link-rc.write.1.tlog
F:\Projects\c++\oop\Project code\Project code\Debug\link.command.1.tlog
F:\Projects\c++\oop\Project code\Project code\Debug\link.read.1.tlog
F:\Projects\c++\oop\Project code\Project code\Debug\link.write.1.tlog
F:\Projects\c++\oop\Project code\Project code\Debug\vc110.idb
F:\Projects\c++\oop\Project code\Project code\Debug\vc110.pdb
F:\Projects\c++\oop\Project code\Debug\Project code.pdb
F:\Projects\c++\oop\Project code\Debug\Project code.exe
F:\Projects\c++\oop\Project code\Debug\Project code.ilk
